0 info it worked if it ends with ok
1 verbose cli [ 'C:\\Program Files\\nodejs\\\\node.exe',
1 verbose cli   'C:\\Program Files\\nodejs\\node_modules\\npm\\bin\\npm-cli.js',
1 verbose cli   'publish' ]
2 info using npm@2.10.1
3 info using node@v0.12.4
4 verbose publish [ '.' ]
5 silly cache add args [ '.', null ]
6 verbose cache add spec .
7 silly cache add parsed spec { raw: '.',
7 silly cache add   scope: null,
7 silly cache add   name: null,
7 silly cache add   rawSpec: '.',
7 silly cache add   spec: 'D:\\htdocs\\giorgio\\meteor-client-side',
7 silly cache add   type: 'directory' }
8 verbose addLocalDirectory C:\Users\giorgio-62\AppData\Roaming\npm-cache\meteor-client-side-official\1.3.1\package.tgz not in flight; packing
9 verbose tar pack [ 'C:\\Users\\giorgio-62\\AppData\\Roaming\\npm-cache\\meteor-client-side-official\\1.3.1\\package.tgz',
9 verbose tar pack   'D:\\htdocs\\giorgio\\meteor-client-side' ]
10 verbose tarball C:\Users\giorgio-62\AppData\Roaming\npm-cache\meteor-client-side-official\1.3.1\package.tgz
11 verbose folder D:\htdocs\giorgio\meteor-client-side
12 info prepublish meteor-client-side-official@1.3.1
13 verbose addLocalTarball adding from inside cache C:\Users\giorgio-62\AppData\Roaming\npm-cache\meteor-client-side-official\1.3.1\package.tgz
14 silly cache afterAdd meteor-client-side-official@1.3.1
15 verbose afterAdd C:\Users\giorgio-62\AppData\Roaming\npm-cache\meteor-client-side-official\1.3.1\package\package.json not in flight; writing
16 verbose afterAdd C:\Users\giorgio-62\AppData\Roaming\npm-cache\meteor-client-side-official\1.3.1\package\package.json written
17 silly publish { name: 'meteor-client-side-official',
17 silly publish   version: '1.3.1',
17 silly publish   description: 'Use Meteor\'s client side DDP protocol and Minimongo in a non Meteor project',
17 silly publish   main: 'dist/meteor-client-side.bundle.min.js',
17 silly publish   scripts: { test: 'echo "Error: no test specified" && exit 1' },
17 silly publish   repository:
17 silly publish    { type: 'git',
17 silly publish      url: 'git+https://github.com/idanwe/meteor-client-side.git' },
17 silly publish   keywords: [ 'meteor', 'ddp', 'minimongo', 'mongo', 'client', 'side' ],
17 silly publish   author: { name: 'Idan Wender', email: 'idanwe2@gmail.com' },
17 silly publish   license: 'MIT',
17 silly publish   bugs: { url: 'https://github.com/idanwe/meteor-client-side/issues' },
17 silly publish   homepage: 'https://github.com/idanwe/meteor-client-side#readme',
17 silly publish   readme: '# meteor-client-side\r\n\r\nUse Meteor\'s client side DDP protocol and Minimongo in a non Meteor project.\r\n\r\n\r\n### Installation\r\n\r\n* Bower\r\n`bower install meteor-client-side`\r\n\r\n* NPM\r\n`npm install meteor-client-side-official`\r\n\r\n\r\n### Usage\r\n\r\n1. Set DDP connection url:\r\n\r\n    * Set `__meteor_runtime_config__.DDP_DEFAULT_CONNECTION_URL` global variable with the desired url (Defaults to `http://localhost:3000`).\r\n\r\n2. Load the meteor-client-side code:\r\n    `<script src="dist/meteor-client-side.bundle.min.js"></script>`\r\n\r\n\r\n### Examples:\r\n\r\n- [ionic-whatsapp](https://github.com/idanwe/ionic-whatsapp)\r\n- [ionic-chat](https://github.com/idanwe/meetup-NY-meteor-ionic-chat)\r\n- [angular-socially](https://github.com/idanwe/angular-socially-client-side)\r\n\r\n### Packages:\r\n\r\n- [accounts-password](https://github.com/idanwe/accounts-password-client-side)\r\n- [accounts-phone](https://github.com/okland/accounts-phone)\r\n- [accounts-base](https://github.com/idanwe/accounts-base-client-side)\r\n\r\n\r\n### What I\'ve done\r\n\r\nI wanted to be able to use meteor\'s DDP protocol and Minimongo without the process of change my current project infrastructure and architecture.\r\n\r\nIn order to make it possible I looked at Meteor\'s code and try figure out how to set the DDP connection url outside of a Meteor project.\r\nI found that `__meteor_runtime_config__.DDP_DEFAULT_CONNECTION_URL` runtime variable need to be set and then it left me with the need to extract meteor code to external use. It was really simple :)\r\n\r\nI ran `meteor build --directory` and got the minified version `meteor-client-side.min.js`\r\n\r\nIn addition, I wanted to use Meteor Accounts packages so I extracted it too [accounts-password-client-side][accounts-password-client-side]\r\n\r\n[accounts-password-client-side]: https://github.com/idanwe/accounts-password-client-side\r\n',
17 silly publish   readmeFilename: 'README.md',
17 silly publish   gitHead: '0c28c0f773d7fc71a4cd80e5e1ac17b1a7d986b1',
17 silly publish   _id: 'meteor-client-side-official@1.3.1',
17 silly publish   _shasum: 'e4411d84fae8758a4c8a426609c67f830ab41b9e',
17 silly publish   _from: '.' }
18 verbose getPublishConfig undefined
19 silly mapToRegistry name meteor-client-side-official
20 silly mapToRegistry using default registry
21 silly mapToRegistry registry https://registry.npmjs.org/
22 silly mapToRegistry uri https://registry.npmjs.org/meteor-client-side-official
23 verbose publish registryBase https://registry.npmjs.org/
24 silly publish uploading C:\Users\giorgio-62\AppData\Roaming\npm-cache\meteor-client-side-official\1.3.1\package.tgz
25 verbose request uri https://registry.npmjs.org/meteor-client-side-official
26 verbose request sending authorization for write operation
27 info attempt registry request try #1 at 14:57:13
28 verbose request using bearer token for auth
29 verbose request id e45d5ac54c71f5f9
30 http request PUT https://registry.npmjs.org/meteor-client-side-official
31 http 403 https://registry.npmjs.org/meteor-client-side-official
32 verbose headers { 'content-type': 'application/json',
32 verbose headers   'cache-control': 'max-age=300',
32 verbose headers   'content-length': '95',
32 verbose headers   'accept-ranges': 'bytes',
32 verbose headers   date: 'Fri, 29 Apr 2016 17:57:20 GMT',
32 verbose headers   via: '1.1 varnish',
32 verbose headers   connection: 'keep-alive',
32 verbose headers   'x-served-by': 'cache-iad2144-IAD',
32 verbose headers   'x-cache': 'MISS',
32 verbose headers   'x-cache-hits': '0',
32 verbose headers   'x-timer': 'S1461952639.175134,VS0,VE1609',
32 verbose headers   vary: 'Accept-Encoding' }
33 verbose request invalidating C:\Users\giorgio-62\AppData\Roaming\npm-cache\registry.npmjs.org\meteor-client-side-official on PUT
34 error publish Failed PUT 403
35 verbose stack Error: "You cannot publish over the previously published version 1.3.1." : meteor-client-side-official
35 verbose stack     at CachingRegistryClient.<anonymous> (C:\Program Files\nodejs\node_modules\npm\node_modules\npm-registry-client\lib\request.js:247:14)
35 verbose stack     at Request._callback (C:\Program Files\nodejs\node_modules\npm\node_modules\npm-registry-client\lib\request.js:170:14)
35 verbose stack     at Request.self.callback (C:\Program Files\nodejs\node_modules\npm\node_modules\request\request.js:368:22)
35 verbose stack     at Request.emit (events.js:110:17)
35 verbose stack     at Request.<anonymous> (C:\Program Files\nodejs\node_modules\npm\node_modules\request\request.js:1219:14)
35 verbose stack     at Request.emit (events.js:129:20)
35 verbose stack     at IncomingMessage.<anonymous> (C:\Program Files\nodejs\node_modules\npm\node_modules\request\request.js:1167:12)
35 verbose stack     at IncomingMessage.emit (events.js:129:20)
35 verbose stack     at _stream_readable.js:908:16
35 verbose stack     at process._tickCallback (node.js:355:11)
36 verbose statusCode 403
37 verbose pkgid meteor-client-side-official
38 verbose cwd D:\htdocs\giorgio\meteor-client-side
39 error Windows_NT 6.3.9600
40 error argv "C:\\Program Files\\nodejs\\\\node.exe" "C:\\Program Files\\nodejs\\node_modules\\npm\\bin\\npm-cli.js" "publish"
41 error node v0.12.4
42 error npm  v2.10.1
43 error code E403
44 error "You cannot publish over the previously published version 1.3.1." : meteor-client-side-official
45 error If you need help, you may report this error at:
45 error     <https://github.com/npm/npm/issues>
46 verbose exit [ 1, true ]
